<?xml version="1.0" encoding="UTF-8"?>
<testng-results skipped="0" failed="0" total="1" passed="1">
  <reporter-output>
  </reporter-output>
  <suite name="Default suite" duration-ms="1954" started-at="2023-06-29T14:50:18Z" finished-at="2023-06-29T14:50:20Z">
    <groups>
    </groups>
    <test name="Default test" duration-ms="1954" started-at="2023-06-29T14:50:18Z" finished-at="2023-06-29T14:50:20Z">
      <class name="com.qa.tests.DeleteAPITest">
        <test-method status="PASS" signature="setUp()[pri:0, instance:com.qa.tests.DeleteAPITest@3834d63f]" name="setUp" is-config="true" duration-ms="8" started-at="2023-06-29T10:50:18Z" finished-at="2023-06-29T10:50:18Z">
          <reporter-output>
          </reporter-output>
        </test-method> <!-- setUp -->
        <test-method status="PASS" signature="getAPITest()[pri:0, instance:com.qa.tests.DeleteAPITest@3834d63f]" name="getAPITest" duration-ms="1936" started-at="2023-06-29T10:50:18Z" finished-at="2023-06-29T10:50:20Z">
          <reporter-output>
          </reporter-output>
        </test-method> <!-- getAPITest -->
      </class> <!-- com.qa.tests.DeleteAPITest -->
    </test> <!-- Default test -->
  </suite> <!-- Default suite -->
</testng-results>
